# JRE version: Java(TM) SE Runtime Environment (8.0_201-b09) (build 1.8.0_201-b09)
# Java VM: Java HotSpot(TM) 64-Bit Server VM (25.201-b09 mixed mode linux-amd64 compressed oops)
Heap:
 PSYoungGen      total 143872K, used 7796K [0x00000000f5900000, 0x00000000ffb80000, 0x0000000100000000)
  eden space 126464K, 0% used [0x00000000f5900000,0x00000000f5900000,0x00000000fd480000)
  from space 17408K, 44% used [0x00000000fea80000,0x00000000ff21d160,0x00000000ffb80000)
  to   space 19968K, 0% used [0x00000000fd480000,0x00000000fd480000,0x00000000fe800000)
 ParOldGen       total 49152K, used 48744K [0x00000000e0a00000, 0x00000000e3a00000, 0x00000000f5900000)
  object space 49152K, 99% used [0x00000000e0a00000,0x00000000e399a000,0x00000000e3a00000)
 Metaspace       used 33896K, capacity 34450K, committed 34608K, reserved 1079296K
  class space    used 4207K, capacity 4353K, committed 4400K, reserved 1048576K
GC Heap History (10 events):
Event: 692.611 GC heap after
Heap after GC invocations=10 (full 1):
 PSYoungGen      total 73216K, used 6144K [0x00000000f5900000, 0x00000000fd300000, 0x0000000100000000)
  eden space 67072K, 0% used [0x00000000f5900000,0x00000000f5900000,0x00000000f9a80000)
  from space 6144K, 100% used [0x00000000f9a80000,0x00000000fa080000,0x00000000fa080000)
  to   space 9216K, 0% used [0x00000000fca00000,0x00000000fca00000,0x00000000fd300000)
 ParOldGen       total 20992K, used 13948K [0x00000000e0a00000, 0x00000000e1e80000, 0x00000000f5900000)
  object space 20992K, 66% used [0x00000000e0a00000,0x00000000e179f070,0x00000000e1e80000)
 Metaspace       used 23610K, capacity 24132K, committed 24496K, reserved 1071104K
  class space    used 2808K, capacity 2952K, committed 2992K, reserved 1048576K
}
Event: 694.123 GC heap before
{Heap before GC invocations=11 (full 1):
 PSYoungGen      total 73216K, used 73216K [0x00000000f5900000, 0x00000000fd300000, 0x0000000100000000)
  eden space 67072K, 100% used [0x00000000f5900000,0x00000000f9a80000,0x00000000f9a80000)
  from space 6144K, 100% used [0x00000000f9a80000,0x00000000fa080000,0x00000000fa080000)
  to   space 9216K, 0% used [0x00000000fca00000,0x00000000fca00000,0x00000000fd300000)
 ParOldGen       total 20992K, used 13948K [0x00000000e0a00000, 0x00000000e1e80000, 0x00000000f5900000)
  object space 20992K, 66% used [0x00000000e0a00000,0x00000000e179f070,0x00000000e1e80000)
 Metaspace       used 25885K, capacity 26410K, committed 26672K, reserved 1073152K
  class space    used 3148K, capacity 3305K, committed 3376K, reserved 1048576K
Event: 694.341 GC heap after
Heap after GC invocations=11 (full 1):
 PSYoungGen      total 110592K, used 9216K [0x00000000f5900000, 0x00000000fdd80000, 0x0000000100000000)
  eden space 101376K, 0% used [0x00000000f5900000,0x00000000f5900000,0x00000000fbc00000)
  from space 9216K, 100% used [0x00000000fca00000,0x00000000fd300000,0x00000000fd300000)
  to   space 14336K, 0% used [0x00000000fbc00000,0x00000000fbc00000,0x00000000fca00000)
 ParOldGen       total 24064K, used 23706K [0x00000000e0a00000, 0x00000000e2180000, 0x00000000f5900000)
  object space 24064K, 98% used [0x00000000e0a00000,0x00000000e21269c0,0x00000000e2180000)
 Metaspace       used 25885K, capacity 26410K, committed 26672K, reserved 1073152K
  class space    used 3148K, capacity 3305K, committed 3376K, reserved 1048576K
}
Event: 694.341 GC heap before
{Heap before GC invocations=12 (full 2):
 PSYoungGen      total 110592K, used 9216K [0x00000000f5900000, 0x00000000fdd80000, 0x0000000100000000)
  eden space 101376K, 0% used [0x00000000f5900000,0x00000000f5900000,0x00000000fbc00000)
  from space 9216K, 100% used [0x00000000fca00000,0x00000000fd300000,0x00000000fd300000)
  to   space 14336K, 0% used [0x00000000fbc00000,0x00000000fbc00000,0x00000000fca00000)
 ParOldGen       total 24064K, used 23706K [0x00000000e0a00000, 0x00000000e2180000, 0x00000000f5900000)
  object space 24064K, 98% used [0x00000000e0a00000,0x00000000e21269c0,0x00000000e2180000)
 Metaspace       used 25885K, capacity 26410K, committed 26672K, reserved 1073152K
  class space    used 3148K, capacity 3305K, committed 3376K, reserved 1048576K
Event: 695.114 GC heap after
Heap after GC invocations=12 (full 2):
 PSYoungGen      total 110592K, used 6649K [0x00000000f5900000, 0x00000000fdd80000, 0x0000000100000000)
  eden space 101376K, 0% used [0x00000000f5900000,0x00000000f5900000,0x00000000fbc00000)
  from space 9216K, 72% used [0x00000000fca00000,0x00000000fd07e6b8,0x00000000fd300000)
  to   space 14336K, 0% used [0x00000000fbc00000,0x00000000fbc00000,0x00000000fca00000)
 ParOldGen       total 45568K, used 23877K [0x00000000e0a00000, 0x00000000e3680000, 0x00000000f5900000)
  object space 45568K, 52% used [0x00000000e0a00000,0x00000000e2151488,0x00000000e3680000)
 Metaspace       used 25885K, capacity 26410K, committed 26672K, reserved 1073152K
  class space    used 3148K, capacity 3305K, committed 3376K, reserved 1048576K
}
Event: 697.088 GC heap before
{Heap before GC invocations=13 (full 2):
 PSYoungGen      total 110592K, used 108025K [0x00000000f5900000, 0x00000000fdd80000, 0x0000000100000000)
  eden space 101376K, 100% used [0x00000000f5900000,0x00000000fbc00000,0x00000000fbc00000)
  from space 9216K, 72% used [0x00000000fca00000,0x00000000fd07e6b8,0x00000000fd300000)
  to   space 14336K, 0% used [0x00000000fbc00000,0x00000000fbc00000,0x00000000fca00000)
 ParOldGen       total 45568K, used 23877K [0x00000000e0a00000, 0x00000000e3680000, 0x00000000f5900000)
  object space 45568K, 52% used [0x00000000e0a00000,0x00000000e2151488,0x00000000e3680000)
 Metaspace       used 27162K, capacity 27718K, committed 27952K, reserved 1073152K
  class space    used 3399K, capacity 3539K, committed 3632K, reserved 1048576K
Event: 697.291 GC heap after
Heap after GC invocations=13 (full 2):
 PSYoungGen      total 115712K, used 14304K [0x00000000f5900000, 0x00000000ffe80000, 0x0000000100000000)
  eden space 101376K, 0% used [0x00000000f5900000,0x00000000f5900000,0x00000000fbc00000)
  from space 14336K, 99% used [0x00000000fbc00000,0x00000000fc9f8010,0x00000000fca00000)
  to   space 20480K, 0% used [0x00000000fea80000,0x00000000fea80000,0x00000000ffe80000)
 ParOldGen       total 45568K, used 34376K [0x00000000e0a00000, 0x00000000e3680000, 0x00000000f5900000)
  object space 45568K, 75% used [0x00000000e0a00000,0x00000000e2b922d0,0x00000000e3680000)
 Metaspace       used 27162K, capacity 27718K, committed 27952K, reserved 1073152K
  class space    used 3399K, capacity 3539K, committed 3632K, reserved 1048576K
}
Event: 702.441 GC heap before
{Heap before GC invocations=14 (full 2):
 PSYoungGen      total 115712K, used 115680K [0x00000000f5900000, 0x00000000ffe80000, 0x0000000100000000)
  eden space 101376K, 100% used [0x00000000f5900000,0x00000000fbc00000,0x00000000fbc00000)
  from space 14336K, 99% used [0x00000000fbc00000,0x00000000fc9f8010,0x00000000fca00000)
  to   space 20480K, 0% used [0x00000000fea80000,0x00000000fea80000,0x00000000ffe80000)
 ParOldGen       total 45568K, used 34376K [0x00000000e0a00000, 0x00000000e3680000, 0x00000000f5900000)
  object space 45568K, 75% used [0x00000000e0a00000,0x00000000e2b922d0,0x00000000e3680000)
 Metaspace       used 33896K, capacity 34450K, committed 34608K, reserved 1079296K
  class space    used 4207K, capacity 4353K, committed 4400K, reserved 1048576K
Event: 702.637 GC heap after
Heap after GC invocations=14 (full 2):
 PSYoungGen      total 143872K, used 9157K [0x00000000f5900000, 0x00000000ffb80000, 0x0000000100000000)
  eden space 126464K, 0% used [0x00000000f5900000,0x00000000f5900000,0x00000000fd480000)
  from space 17408K, 52% used [0x00000000fea80000,0x00000000ff3717b0,0x00000000ffb80000)
  to   space 19968K, 0% used [0x00000000fd480000,0x00000000fd480000,0x00000000fe800000)
 ParOldGen       total 49152K, used 48720K [0x00000000e0a00000, 0x00000000e3a00000, 0x00000000f5900000)
  object space 49152K, 99% used [0x00000000e0a00000,0x00000000e39942e0,0x00000000e3a00000)
 Metaspace       used 33896K, capacity 34450K, committed 34608K, reserved 1079296K
  class space    used 4207K, capacity 4353K, committed 4400K, reserved 1048576K
}
Event: 702.641 GC heap before
{Heap before GC invocations=15 (full 3):
 PSYoungGen      total 143872K, used 9157K [0x00000000f5900000, 0x00000000ffb80000, 0x0000000100000000)
  eden space 126464K, 0% used [0x00000000f5900000,0x00000000f5900000,0x00000000fd480000)
  from space 17408K, 52% used [0x00000000fea80000,0x00000000ff3717b0,0x00000000ffb80000)
  to   space 19968K, 0% used [0x00000000fd480000,0x00000000fd480000,0x00000000fe800000)
 ParOldGen       total 49152K, used 48720K [0x00000000e0a00000, 0x00000000e3a00000, 0x00000000f5900000)
  object space 49152K, 99% used [0x00000000e0a00000,0x00000000e39942e0,0x00000000e3a00000)
 Metaspace       used 33896K, capacity 34450K, committed 34608K, reserved 1079296K
  class space    used 4207K, capacity 4353K, committed 4400K, reserved 1048576K

